<?xml version="1.0" encoding="UTF-8"?>
<testng-results skipped="0" failed="0" ignored="0" total="3" passed="3">
  <reporter-output>
  </reporter-output>
  <suite name="Default suite" duration-ms="901" started-at="2020-12-02T15:48:39 CST" finished-at="2020-12-02T15:48:40 CST">
    <groups>
    </groups>
    <test name="Default test" duration-ms="901" started-at="2020-12-02T15:48:39 CST" finished-at="2020-12-02T15:48:40 CST">
      <class name="test.TestDemo">
        <test-method status="PASS" signature="u(java.lang.String, java.lang.String)[pri:0, instance:test.TestDemo@694e1548]" name="u" duration-ms="5" started-at="2020-12-02T15:48:40 CST" data-provider="excel" finished-at="2020-12-02T15:48:40 CST">
          <params>
            <param index="0">
              <value>
                <![CDATA[xpath]]>
              </value>
            </param>
            <param index="1">
              <value>
                <![CDATA[abd]]>
              </value>
            </param>
          </params>
          <reporter-output>
          </reporter-output>
        </test-method> <!-- u -->
        <test-method status="PASS" signature="u(java.lang.String, java.lang.String)[pri:0, instance:test.TestDemo@694e1548]" name="u" duration-ms="1" started-at="2020-12-02T15:48:40 CST" data-provider="excel" finished-at="2020-12-02T15:48:40 CST">
          <params>
            <param index="0">
              <value>
                <![CDATA[xpathe]]>
              </value>
            </param>
            <param index="1">
              <value>
                <![CDATA[abc]]>
              </value>
            </param>
          </params>
          <reporter-output>
          </reporter-output>
        </test-method> <!-- u -->
        <test-method status="PASS" signature="u(java.lang.String, java.lang.String)[pri:0, instance:test.TestDemo@694e1548]" name="u" duration-ms="0" started-at="2020-12-02T15:48:40 CST" data-provider="excel" finished-at="2020-12-02T15:48:40 CST">
          <params>
            <param index="0">
              <value>
                <![CDATA[xpathm]]>
              </value>
            </param>
            <param index="1">
              <value>
                <![CDATA[abm]]>
              </value>
            </param>
          </params>
          <reporter-output>
          </reporter-output>
        </test-method> <!-- u -->
      </class> <!-- test.TestDemo -->
    </test> <!-- Default test -->
  </suite> <!-- Default suite -->
</testng-results>
