<?xml version="1.0" encoding="UTF-8"?>
<!-- Generated by org.testng.reporters.JUnitXMLReporter -->
<testsuite hostname="DESKTOP-R6U7DT6" ignored="0" name="Default test" tests="6" failures="0" timestamp="2020-11-30T13:55:06 CST" time="65.232" errors="0">
  <testcase name="ColumnManage_addColumn" time="10.308" classname="com.hxy.testCase.ColumnManage_Test"/>
  <testcase name="ColumnManage_setDisplay_all" time="8.687" classname="com.hxy.testCase.ColumnManage_Test"/>
  <testcase name="ColumnManage_setDisplay_head" time="8.541" classname="com.hxy.testCase.ColumnManage_Test"/>
  <testcase name="ColumnManage_setDisplay_no" time="8.466" classname="com.hxy.testCase.ColumnManage_Test"/>
  <testcase name="ColumnManage_setDisplay_tail" time="8.567" classname="com.hxy.testCase.ColumnManage_Test"/>
  <testcase name="ColumnManage_updateTitle" time="9.942" classname="com.hxy.testCase.ColumnManage_Test"/>
</testsuite> <!-- Default test -->
