<?xml version="1.0" encoding="UTF-8"?>
<!-- Generated by org.testng.reporters.JUnitXMLReporter -->
<testsuite hostname="DESKTOP-TNDKL02" ignored="5" name="all" tests="45" failures="4" timestamp="2020-12-03T12:04:51 CST" time="1080.521" errors="0">
  <testcase name="setPutDown" time="36.338" classname="com.webtest.demo.TopSetting">
    <failure type="java.lang.AssertionError" message="expected [false] but found [true]">
      <![CDATA[java.lang.AssertionError: expected [false] but found [true]
at com.webtest.demo.TopSetting.setPutDown(TopSetting.java:74)
at java.util.ArrayList.forEach(Unknown Source)
... Removed 32 stack frames]]>
    </failure>
  </testcase> <!-- setPutDown -->
  <testcase name="languagePosition" time="14.879" classname="com.webtest.demo.TopSetting"/>
  <testcase name="nationalFlagSetting" time="5.182" classname="com.webtest.demo.TopSetting"/>
  <testcase name="editHomePageName" time="10.282" classname="com.webtest.demo.TopSetting"/>
  <testcase name="openBackLanguageSwitch" time="9.791" classname="com.webtest.demo.LanguageSetting"/>
  <testcase name="closeLanguageSwitch" time="9.781" classname="com.webtest.demo.LanguageSetting"/>
  <testcase name="closeCSLanguageSwtich" time="9.751" classname="com.webtest.demo.LanguageSetting"/>
  <testcase name="addNewLanguage" time="25.689" classname="com.webtest.demo.LanguageSetting"/>
  <testcase name="editLanguage" time="18.98" classname="com.webtest.demo.LanguageSetting"/>
  <testcase name="plugInsEdit" time="13.765" classname="com.webtest.demo.LanguageSetting"/>
  <testcase name="editBanner" time="30.372" classname="com.webtest.demo.BannerSetting"/>
  <testcase name="addBanner" time="40.509" classname="com.webtest.demo.BannerSetting"/>
  <testcase name="deleteBanner" time="21.295" classname="com.webtest.demo.BannerSetting"/>
  <testcase name="setTurns" time="18.976" classname="com.webtest.demo.BannerSetting">
    <failure type="java.lang.AssertionError" message="expected [网站模板] but found [系统下载]">
      <![CDATA[java.lang.AssertionError: expected [网站模板] but found [系统下载]
at com.webtest.demo.BannerSetting.setTurns(BannerSetting.java:256)
at java.util.ArrayList.forEach(Unknown Source)
... Removed 32 stack frames]]>
    </failure>
  </testcase> <!-- setTurns -->
  <testcase name="addButtons" time="33.804" classname="com.webtest.demo.BannerSetting"/>
  <testcase name="setBtnColor" time="13.758" classname="com.webtest.demo.BannerSetting"/>
  <testcase name="setWordsSize" time="13.834" classname="com.webtest.demo.BannerSetting"/>
  <testcase name="deleteBtn" time="22.915" classname="com.webtest.demo.BannerSetting"/>
  <testcase name="editCSName" time="18.322" classname="com.webtest.demo.CustomerServiceSetting"/>
  <testcase name="editCSPhoneNum" time="21.52" classname="com.webtest.demo.CustomerServiceSetting"/>
  <testcase name="editeCSType" time="27.051" classname="com.webtest.demo.CustomerServiceSetting"/>
  <testcase name="deleteCSImg" time="21.652" classname="com.webtest.demo.CustomerServiceSetting"/>
  <testcase name="editCSImg" time="28.55" classname="com.webtest.demo.CustomerServiceSetting"/>
  <testcase name="addCS" time="37.578" classname="com.webtest.demo.CustomerServiceSetting"/>
  <testcase name="deleteCS" time="21.495" classname="com.webtest.demo.CustomerServiceSetting"/>
  <testcase name="editFixedStyle" time="22.571" classname="com.webtest.demo.CustomerServiceSetting"/>
  <testcase name="CSstyleSetting" time="29.55" classname="com.webtest.demo.CustomerServiceSetting"/>
  <testcase name="otherSetting" time="32.823" classname="com.webtest.demo.CustomerServiceSetting"/>
  <testcase name="addColumn" time="26.737" classname="com.webtest.demo.CustomerServiceSetting"/>
  <testcase name="deleteColumn" time="25.803" classname="com.webtest.demo.CustomerServiceSetting"/>
  <testcase name="siteInfoSetting1" time="42.964" classname="com.webtest.demo.NowPageSetting"/>
  <testcase name="otherImg" time="21.315" classname="com.webtest.demo.NowPageSetting"/>
  <testcase name="localImg" time="19.578" classname="com.webtest.demo.NowPageSetting"/>
  <testcase name="setBottomInf" time="16.817" classname="com.webtest.demo.NowPageSetting"/>
  <testcase name="setBottomOtherInf" time="19.797" classname="com.webtest.demo.NowPageSetting"/>
  <testcase name="setTextStyle" time="20.391" classname="com.webtest.demo.NowPageSetting"/>
  <testcase name="editPhoneBtnText" time="18.635" classname="com.webtest.demo.PhoneMenuSetting"/>
  <testcase name="editPhoneBtnUrl" time="25.634" classname="com.webtest.demo.PhoneMenuSetting"/>
  <testcase name="deletePhoneBtnImg" time="19.735" classname="com.webtest.demo.PhoneMenuSetting"/>
  <testcase name="editPhoneBtnImg" time="26.944" classname="com.webtest.demo.PhoneMenuSetting"/>
  <testcase name="editPhoneBtnColor" time="16.898" classname="com.webtest.demo.PhoneMenuSetting"/>
  <testcase name="editPhoneTextColor" time="16.81" classname="com.webtest.demo.PhoneMenuSetting"/>
  <testcase name="editPhoneBtnEnable" time="22.207" classname="com.webtest.demo.PhoneMenuSetting"/>
  <testcase name="addPhoneBtn" time="20.095" classname="com.webtest.demo.PhoneMenuSetting">
    <failure type="java.lang.ArrayIndexOutOfBoundsException" message="-1">
      <![CDATA[java.lang.ArrayIndexOutOfBoundsException: -1
at java.util.ArrayList.elementData(Unknown Source)
at java.util.ArrayList.get(Unknown Source)
at com.webtest.demo.PhoneMenuSetting.addPhoneBtn(PhoneMenuSetting.java:241)
at java.util.ArrayList.forEach(Unknown Source)
... Removed 27 stack frames]]>
    </failure>
  </testcase> <!-- addPhoneBtn -->
  <testcase name="deletePhoneBtn" time="3.095" classname="com.webtest.demo.PhoneMenuSetting">
    <failure type="java.lang.NullPointerException" message="null value in entry: id=null">
      <![CDATA[java.lang.NullPointerException: null value in entry: id=null
at com.google.common.collect.CollectPreconditions.checkEntryNotNull(CollectPreconditions.java:32)
at com.google.common.collect.SingletonImmutableBiMap.<init>(SingletonImmutableBiMap.java:42)
at com.google.common.collect.ImmutableBiMap.of(ImmutableBiMap.java:72)
at com.google.common.collect.ImmutableMap.of(ImmutableMap.java:124)
at org.openqa.selenium.remote.RemoteWebDriver$RemoteTargetLocator.frame(RemoteWebDriver.java:892)
at com.webtest.core.WebDriverEngine.enterFrame1(WebDriverEngine.java:77)
at com.webtest.demo.PhoneMenuSetting.deletePhoneBtn(PhoneMenuSetting.java:258)
at java.util.ArrayList.forEach(Unknown Source)
... Removed 27 stack frames]]>
    </failure>
  </testcase> <!-- deletePhoneBtn -->
  <testcase name="@AfterSuite mailUtil" time="0.0" classname="com.webtest.core.BaseTest">
    <ignored/>
  </testcase> <!-- @AfterSuite mailUtil -->
  <testcase name="@AfterSuite mailUtil" time="0.0" classname="com.webtest.core.BaseTest">
    <ignored/>
  </testcase> <!-- @AfterSuite mailUtil -->
  <testcase name="@AfterSuite mailUtil" time="0.0" classname="com.webtest.core.BaseTest">
    <ignored/>
  </testcase> <!-- @AfterSuite mailUtil -->
  <testcase name="@AfterSuite mailUtil" time="0.0" classname="com.webtest.core.BaseTest">
    <ignored/>
  </testcase> <!-- @AfterSuite mailUtil -->
  <testcase name="@AfterSuite mailUtil" time="0.0" classname="com.webtest.core.BaseTest">
    <ignored/>
  </testcase> <!-- @AfterSuite mailUtil -->
</testsuite> <!-- all -->
